None
host: login2.barnard.hpc.tu-dresden.de
Building DAG of jobs...
SLURM run ID: 1c7b852e-ae3b-4b87-bffe-8fcc9933517b
Using shell: /usr/bin/bash
Provided remote nodes: 10
Job stats:
job       count
------  -------
my_job        1
total         1

Select jobs to execute...
Execute 1 jobs...
[Mon Jul 21 02:02:11 2025]
rule my_job:
    output: results/my_output.txt
    jobid: 0
    reason: Missing output files: results/my_output.txt
    resources: mem_mb=2000, mem_mib=1908, disk_mb=50000, disk_mib=47684, tmpdir=<TBD>, runtime=15, cpus=2
Shell command: echo 'Hello from Barnard!' > results/my_output.txt
No SLURM account given, trying to guess.
Unable to guess SLURM account. Trying to proceed without.
Job 0 has been submitted with SLURM jobid 18560998 (log: /data/horse/ws/miha493e-research_project/activediffusion/experiments/exp9/.snakemake/slurm_logs/rule_my_job/18560998.log).
[Mon Jul 21 02:02:51 2025]
Finished jobid: 0 (Rule: my_job)
1 of 1 steps (100%) done
Terminating processes on user request, this might take some time.
Cleaning up log files older than 10 day(s).
Complete log(s): /data/horse/ws/miha493e-research_project/activediffusion/experiments/exp9/.snakemake/log/2025-07-21T020211.695411.snakemake.log
WorkflowError:
At least one job did not complete successfully.
