None
host: login2.barnard.hpc.tu-dresden.de
Building DAG of jobs...
SLURM run ID: 48156c23-3816-4344-a2b8-5f8c86def717
Using shell: /usr/bin/bash
Provided remote nodes: 20
Job stats:
job       count
------  -------
my_job        1
total         1

Select jobs to execute...
Execute 1 jobs...
[Mon Jul 21 01:34:08 2025]
rule my_job:
    output: results/my_output.txt
    jobid: 0
    reason: Code has changed since last execution
    resources: mem_mb=2000, mem_mib=1908, disk_mb=50000, disk_mib=47684, tmpdir=<TBD>, cpus=4, runtime=15, gpus=2
Shell command: echo 'Hello from Alpha!' > results/my_output.txt
No SLURM account given, trying to guess.
Unable to guess SLURM account. Trying to proceed without.
Job 0 has been submitted with SLURM jobid 18560913 (log: /data/horse/ws/miha493e-research_project/activediffusion/experiments/exp9/.snakemake/slurm_logs/rule_my_job/18560913.log).
[Mon Jul 21 01:34:48 2025]
Finished jobid: 0 (Rule: my_job)
1 of 1 steps (100%) done
Cleaning up log files older than 10 day(s).
Complete log(s): /data/horse/ws/miha493e-research_project/activediffusion/experiments/exp9/.snakemake/log/2025-07-21T013408.027417.snakemake.log
